c:\users\besitzer\documents\github\beyond-imagination\debug\coordinatesystem.cso
c:\users\besitzer\documents\github\beyond-imagination\beyond_imagination\debug\vc120.pdb
c:\users\besitzer\documents\github\beyond-imagination\beyond_imagination\debug\vc120.idb
c:\users\besitzer\documents\github\beyond-imagination\beyond_imagination\debug\directxmanager.obj
c:\users\besitzer\documents\github\beyond-imagination\beyond_imagination\debug\applicationmanager.obj
c:\users\besitzer\documents\github\beyond-imagination\beyond_imagination\debug\coordinatesystem.obj
c:\users\besitzer\documents\github\beyond-imagination\beyond_imagination\debug\shadermanager.obj
c:\users\besitzer\documents\github\beyond-imagination\beyond_imagination\debug\main.obj
c:\users\besitzer\documents\github\beyond-imagination\beyond_imagination\debug\camera.obj
c:\users\besitzer\documents\github\beyond-imagination\beyond_imagination\debug\inputmanager.obj
c:\users\besitzer\documents\github\beyond-imagination\beyond_imagination\debug\player.obj
c:\users\besitzer\documents\github\beyond-imagination\beyond_imagination\debug\object.obj
c:\users\besitzer\documents\github\beyond-imagination\beyond_imagination\debug\unit.obj
c:\users\besitzer\documents\github\beyond-imagination\beyond_imagination\debug\worldobject.obj
c:\users\besitzer\documents\github\beyond-imagination\beyond_imagination\debug\world.obj
c:\users\besitzer\documents\github\beyond-imagination\beyond_imagination\debug\material.obj
c:\users\besitzer\documents\github\beyond-imagination\beyond_imagination\shader.fxo
c:\users\besitzer\documents\github\beyond-imagination\debug\beyond_imagination.ilk
c:\users\besitzer\documents\github\beyond-imagination\debug\beyond_imagination.exe
c:\users\besitzer\documents\github\beyond-imagination\debug\beyond_imagination.pdb
c:\users\besitzer\documents\github\beyond-imagination\beyond_imagination\debug\beyond_i.d85eac36.tlog\beyond_imagination.write.1u.tlog
c:\users\besitzer\documents\github\beyond-imagination\beyond_imagination\debug\beyond_i.d85eac36.tlog\cl.command.1.tlog
c:\users\besitzer\documents\github\beyond-imagination\beyond_imagination\debug\beyond_i.d85eac36.tlog\cl.read.1.tlog
c:\users\besitzer\documents\github\beyond-imagination\beyond_imagination\debug\beyond_i.d85eac36.tlog\cl.write.1.tlog
c:\users\besitzer\documents\github\beyond-imagination\beyond_imagination\debug\beyond_i.d85eac36.tlog\custombuild.command.1.tlog
c:\users\besitzer\documents\github\beyond-imagination\beyond_imagination\debug\beyond_i.d85eac36.tlog\custombuild.read.1.tlog
c:\users\besitzer\documents\github\beyond-imagination\beyond_imagination\debug\beyond_i.d85eac36.tlog\custombuild.write.1.tlog
c:\users\besitzer\documents\github\beyond-imagination\beyond_imagination\debug\beyond_i.d85eac36.tlog\link.command.1.tlog
c:\users\besitzer\documents\github\beyond-imagination\beyond_imagination\debug\beyond_i.d85eac36.tlog\link.read.1.tlog
c:\users\besitzer\documents\github\beyond-imagination\beyond_imagination\debug\beyond_i.d85eac36.tlog\link.write.1.tlog
